Log file created on Sat Feb 29 11:52:41 CST 2020
IMPORTANT:
Because updating this file after every log message would kill
performance, it will be *incomplete* unless you invoke the
Utilities->Troubleshooting->Update Activity Log on Disk command!
11:52:41 AM [main] [message] Log: When reporting bugs, please include the following information:
11:52:41 AM [main] [message] Log: java.version=1.8.0_241
11:52:41 AM [main] [message] Log: java.vm.version=25.241-b07
11:52:41 AM [main] [message] Log: java.vm.name=Java HotSpot(TM) 64-Bit Server VM
11:52:41 AM [main] [message] Log: java.runtime.version=1.8.0_241-b07
11:52:41 AM [main] [message] Log: java.runtime.name=Java(TM) SE Runtime Environment
11:52:41 AM [main] [message] Log: java.vendor=Oracle Corporation
11:52:41 AM [main] [message] Log: java.compiler=null
11:52:41 AM [main] [message] Log: os.name=Windows 10
11:52:41 AM [main] [message] Log: os.version=10.0
11:52:41 AM [main] [message] Log: os.arch=amd64
11:52:41 AM [main] [message] Log: user.home=C:\Users\binhd
11:52:41 AM [main] [message] Log: java.home=C:\Program Files\Java\jdk1.8.0_241\jre
11:52:41 AM [main] [message] Log: java.class.path=C:\Users\binhd\Documents\GitHub\cs515-801-s20-Doan-jEdit\build\jedit.jar
11:52:41 AM [main] [message] jEdit: starting with command line arguments: -settings=C:\Users\binhd\Documents\GitHub\cs515-801-s20-Doan-jEdit\build/settings
11:52:41 AM [main] [debug] jEdit: before splash screen activation:35 ms
11:52:41 AM [main] [debug] jEdit: after splash screen activation:206 ms
11:52:41 AM [main] [debug] MiscUtilities: Saving backup of file "C:\Users\binhd\Documents\GitHub\cs515-801-s20-Doan-jEdit\build\settings\activity.log" to "C:\Users\binhd\Documents\GitHub\cs515-801-s20-Doan-jEdit\build\settings\settings-backup\activity.log~1~"
11:52:41 AM [main] [notice] jEdit: jEdit version 5.5.0
11:52:41 AM [main] [message] jEdit: Settings directory is C:\Users\binhd\Documents\GitHub\cs515-801-s20-Doan-jEdit\build\settings
11:52:41 AM [main] [message] jEdit: jEdit home directory is C:\Users\binhd\Documents\GitHub\cs515-801-s20-Doan-jEdit\build
11:52:41 AM [main] [debug] SplashScreen: init:11/117ms
11:52:41 AM [main] [debug] SplashScreen: init system properties:12/129ms
11:52:41 AM [main] [message] BeanShell: Beanshell Init
11:52:41 AM [main] [debug] SplashScreen: init beanshell:23/152ms
11:52:41 AM [main] [debug] SplashScreen: loading site properties:4/156ms
11:52:41 AM [main] [debug] SplashScreen: loading user properties:6/162ms
11:52:41 AM [main] [debug] GUIUtilities: Icon theme set to: tango
11:52:41 AM [main] [debug] GUIUtilities: Loading icon theme from: jeditresource:/org/gjt/sp/jedit/icons/themes/tango/
11:52:41 AM [main] [debug] SplashScreen: init GUI:3/165ms
11:52:41 AM [main] [debug] EditServer: jEdit server started on port 51445
11:52:41 AM [main] [debug] EditServer: Authorization key is 1269094519
11:52:41 AM [main] [debug] SplashScreen: init server:5/170ms
11:52:41 AM [main] [debug] jEdit: initPLAF non-edt old=javax.swing.plaf.metal.MetalLookAndFeel requested=null new=javax.swing.plaf.metal.MetalLookAndFeel
11:52:41 AM [main] [debug] SplashScreen: init look and feel:2/172ms
11:52:41 AM [main] [debug] SplashScreen: init VFS Manager:1/173ms
11:52:41 AM [main] [debug] ActionSet: Loading actions from jar:file:/C:/Users/binhd/Documents/GitHub/cs515-801-s20-Doan-jEdit/build/jedit.jar!/org/gjt/sp/jedit/actions.xml
11:52:41 AM [main] [debug] DockableWindowManager: Loading dockables from jar:file:/C:/Users/binhd/Documents/GitHub/cs515-801-s20-Doan-jEdit/build/jedit.jar!/org/gjt/sp/jedit/dockables.xml
11:52:41 AM [main] [debug] SplashScreen: init resources:48/221ms
11:52:41 AM [AWT-EventQueue-0] [debug] EditBus: SearchSettingsChanged[source=null]
11:52:41 AM [main] [debug] SplashScreen: Migrate keymaps:43/264ms
11:52:41 AM [main] [notice] jEdit: Loading plugins from C:\Users\binhd\Documents\GitHub\cs515-801-s20-Doan-jEdit\build\jars
11:52:41 AM [AWT-EventQueue-0] [debug] EditBus: PluginUpdate[what=LOADED,exit=false,version=5.0,source=C:\Users\binhd\Documents\GitHub\cs515-801-s20-Doan-jEdit\build\jars\QuickNotepad.jar,class=QuickNotepadPlugin]
11:52:41 AM [main] [notice] jEdit: Loading plugins from C:\Users\binhd\Documents\GitHub\cs515-801-s20-Doan-jEdit\build\settings\jars
11:52:41 AM [main] [debug] SplashScreen: init plugins:7/271ms
11:52:41 AM [main] [message] HistoryModel: Loading history
11:52:41 AM [main] [debug] SplashScreen: init history model:2/273ms
11:52:41 AM [main] [message] BufferHistory: Loading C:\Users\binhd\Documents\GitHub\cs515-801-s20-Doan-jEdit\build\settings\recent.xml
11:52:41 AM [main] [debug] SplashScreen: init buffer history:3/276ms
11:52:41 AM [main] [message] KillRing: Loading C:\Users\binhd\Documents\GitHub\cs515-801-s20-Doan-jEdit\build\settings\killring.xml
11:52:41 AM [main] [debug] SplashScreen: init killring:6/282ms
11:52:41 AM [main] [debug] jEdit: initPLAF non-edt old=javax.swing.plaf.metal.MetalLookAndFeel requested=null new=javax.swing.plaf.metal.MetalLookAndFeel
11:52:41 AM [main] [debug] jEdit: SOCKS proxy disabled
11:52:41 AM [main] [debug] jEdit: HTTP proxy disabled
11:52:41 AM [AWT-EventQueue-0] [debug] EditBus: PropertiesChanged[source=null]
11:52:41 AM [main] [debug] SplashScreen: init various properties:39/321ms
11:52:41 AM [main] [message] jEdit: Loading mode catalog file C:\Users\binhd\Documents\GitHub\cs515-801-s20-Doan-jEdit\build\modes\catalog
11:52:41 AM [main] [message] jEdit: Loading mode catalog file C:\Users\binhd\Documents\GitHub\cs515-801-s20-Doan-jEdit\build\settings\modes\catalog
11:52:41 AM [main] [debug] SplashScreen: init modes:26/347ms
11:52:41 AM [main] [debug] SplashScreen: activate plugins:2/349ms
11:52:41 AM [main] [debug] Macros: Registered beanshell macro handler
11:52:41 AM [AWT-EventQueue-0] [debug] EditBus: DynamicMenuChanged[menu=macros,source=null]
11:52:41 AM [main] [debug] SplashScreen: init macros:15/364ms
11:52:41 AM [main] [message] BeanShell: Running script C:\Users\binhd\Documents\GitHub\cs515-801-s20-Doan-jEdit\build\startup\startup.bsh
11:52:41 AM [main] [notice] jEdit$5: Loading edit mode C:\Users\binhd\Documents\GitHub\cs515-801-s20-Doan-jEdit\build\modes\text.xml
11:52:41 AM [main] [debug] String: BeanShell interpreter version 2.0b4-jedit
11:52:41 AM [main] [debug] SplashScreen: run startup scripts:64/428ms
11:52:41 AM [main] [debug] SplashScreen: run startup scripts:1/429ms
11:52:41 AM [main] [debug] SplashScreen: run startup scripts:2/430ms
11:52:41 AM [main] [debug] jEdit: main done:542 ms
11:52:41 AM [AWT-EventQueue-0] [message] PerspectiveManager: Loading C:\Users\binhd\Documents\GitHub\cs515-801-s20-Doan-jEdit\build\settings\perspective.xml
11:52:41 AM [AWT-EventQueue-0] [debug] EditBus: BufferUpdate[what=PROPERTIES_CHANGED,view=null,source=Untitled-1 (%USERPROFILE%\Documents\GitHub\cs515-801-s20-Doan-jEdit\)]
11:52:41 AM [AWT-EventQueue-0] [debug] EditBus: BufferUpdate[what=CREATED,view=null,source=Untitled-1 (%USERPROFILE%\Documents\GitHub\cs515-801-s20-Doan-jEdit\)]
11:52:41 AM [AWT-EventQueue-0] [debug] EditBus: BufferUpdate[what=LOAD_STARTED,view=null,source=Untitled-1 (%USERPROFILE%\Documents\GitHub\cs515-801-s20-Doan-jEdit\)]
11:52:41 AM [AWT-EventQueue-0] [debug] EditBus: BufferUpdate[what=LOADED,view=null,source=Untitled-1 (%USERPROFILE%\Documents\GitHub\cs515-801-s20-Doan-jEdit\)]
11:52:42 AM [AWT-EventQueue-0] [debug] BufferSet: 724278451: addBufferSetListener org.gjt.sp.jedit.EditPane[inactive]
11:52:42 AM [AWT-EventQueue-0] [debug] EditBus: BufferChanging[what=BUFFER_CHANGING,source=org.gjt.sp.jedit.EditPane[inactive]]
11:52:42 AM [AWT-EventQueue-0] [debug] BufferSet: 724278451 addBufferAt(Untitled-1 (%USERPROFILE%\Documents\GitHub\cs515-801-s20-Doan-jEdit\),-1)
11:52:42 AM [AWT-EventQueue-0] [debug] BufferSet: 724278451: Buffer added Untitled-1 (%USERPROFILE%\Documents\GitHub\cs515-801-s20-Doan-jEdit\) at 0
11:52:42 AM [AWT-EventQueue-0] [debug] EditBus: EditPaneUpdate[what=CREATED,source=org.gjt.sp.jedit.EditPane[inactive]]
11:52:42 AM [AWT-EventQueue-0] [debug] BufferSet: 724278451 addBufferAt(Untitled-1 (%USERPROFILE%\Documents\GitHub\cs515-801-s20-Doan-jEdit\),0)
11:52:42 AM [AWT-EventQueue-0] [debug] BufferSet: 724278451 addBufferAt(Untitled-1 (%USERPROFILE%\Documents\GitHub\cs515-801-s20-Doan-jEdit\),1)
11:52:42 AM [AWT-EventQueue-0] [debug] EditBus: ViewUpdate[what=CREATED,source=org.gjt.sp.jedit.View[active]]
11:52:42 AM [AWT-EventQueue-0] [debug] EditBus: EditorStarted[source=null]
11:52:42 AM [AWT-EventQueue-0] [message] jEdit: Startup complete: 837 ms
11:52:42 AM [AWT-EventQueue-0] [debug] EditBus: ViewUpdate[what=VIEW_ACTIVATED,source=org.gjt.sp.jedit.View[active]]
11:52:42 AM [AWT-EventQueue-0] [debug] JEditTextArea: InputMethodSupport is activated
11:52:47 AM [AWT-EventQueue-0] [debug] PluginJAR: Opening C:\Users\binhd\Documents\GitHub\cs515-801-s20-Doan-jEdit\build\jars\QuickNotepad.jar
11:52:47 AM [AWT-EventQueue-0] [debug] EditBus: PluginUpdate[what=ACTIVATED,exit=false,version=5.0,source=C:\Users\binhd\Documents\GitHub\cs515-801-s20-Doan-jEdit\build\jars\QuickNotepad.jar,class=QuickNotepadPlugin]
11:52:58 AM [AWT-EventQueue-0] [debug] jEdit: initPLAF edt old=javax.swing.plaf.metal.MetalLookAndFeel requested=null new=javax.swing.plaf.metal.MetalLookAndFeel
11:52:58 AM [AWT-EventQueue-0] [debug] jEdit: SOCKS proxy disabled
11:52:58 AM [AWT-EventQueue-0] [debug] jEdit: HTTP proxy disabled
11:52:58 AM [AWT-EventQueue-0] [debug] EditBus: BufferUpdate[what=PROPERTIES_CHANGED,view=null,source=Untitled-1 (%USERPROFILE%\Documents\GitHub\cs515-801-s20-Doan-jEdit\)]
11:52:58 AM [AWT-EventQueue-0] [debug] EditBus: PropertiesChanged[source=null]
11:52:58 AM [AWT-EventQueue-0] [message] BufferHistory: Saving C:\Users\binhd\Documents\GitHub\cs515-801-s20-Doan-jEdit\build\settings\recent.xml
11:52:58 AM [AWT-EventQueue-0] [debug] MiscUtilities: Saving backup of file "C:\Users\binhd\Documents\GitHub\cs515-801-s20-Doan-jEdit\build\settings\recent.xml" to "C:\Users\binhd\Documents\GitHub\cs515-801-s20-Doan-jEdit\build\settings\settings-backup\recent.xml~1~"
11:52:58 AM [AWT-EventQueue-0] [message] KillRing: Saving C:\Users\binhd\Documents\GitHub\cs515-801-s20-Doan-jEdit\build\settings\killring.xml
11:52:58 AM [AWT-EventQueue-0] [debug] MiscUtilities: Saving backup of file "C:\Users\binhd\Documents\GitHub\cs515-801-s20-Doan-jEdit\build\settings\killring.xml" to "C:\Users\binhd\Documents\GitHub\cs515-801-s20-Doan-jEdit\build\settings\settings-backup\killring.xml~1~"
11:52:58 AM [AWT-EventQueue-0] [debug] MiscUtilities: Saving backup of file "C:\Users\binhd\Documents\GitHub\cs515-801-s20-Doan-jEdit\build\settings\properties" to "C:\Users\binhd\Documents\GitHub\cs515-801-s20-Doan-jEdit\build\settings\settings-backup\properties~1~"
11:53:00 AM [AWT-EventQueue-0] [debug] EditBus: EditorExitRequested[source=org.gjt.sp.jedit.View[active]]
11:53:00 AM [AWT-EventQueue-0] [message] PerspectiveManager: Saving C:\Users\binhd\Documents\GitHub\cs515-801-s20-Doan-jEdit\build\settings\perspective.xml
11:53:00 AM [AWT-EventQueue-0] [debug] MiscUtilities: Saving backup of file "C:\Users\binhd\Documents\GitHub\cs515-801-s20-Doan-jEdit\build\settings\perspective.xml" to "C:\Users\binhd\Documents\GitHub\cs515-801-s20-Doan-jEdit\build\settings\settings-backup\perspective.xml~1~"
11:53:00 AM [AWT-EventQueue-0] [debug] EditBus: EditorExiting[source=null]
11:53:00 AM [AWT-EventQueue-0] [debug] EditBus: ViewUpdate[what=CLOSED,source=org.gjt.sp.jedit.View[active]]
11:53:00 AM [AWT-EventQueue-0] [debug] EditBus: EditPaneUpdate[what=DESTROYED,source=org.gjt.sp.jedit.EditPane[active]]
11:53:00 AM [AWT-EventQueue-0] [debug] BufferSet: 724278451: Buffer removed Untitled-1 (%USERPROFILE%\Documents\GitHub\cs515-801-s20-Doan-jEdit\)
11:53:00 AM [AWT-EventQueue-0] [debug] BufferSetManager: Buffer:Untitled-1 (%USERPROFILE%\Documents\GitHub\cs515-801-s20-Doan-jEdit\) is in no bufferSet anymore, closing it
11:53:00 AM [AWT-EventQueue-0] [debug] EditBus: PluginUpdate[what=DEACTIVATED,exit=true,version=5.0,source=C:\Users\binhd\Documents\GitHub\cs515-801-s20-Doan-jEdit\build\jars\QuickNotepad.jar,class=QuickNotepadPlugin]
11:53:00 AM [AWT-EventQueue-0] [debug] EditBus: PluginUpdate[what=UNLOADED,exit=true,version=5.0,source=C:\Users\binhd\Documents\GitHub\cs515-801-s20-Doan-jEdit\build\jars\QuickNotepad.jar,class=QuickNotepadPlugin]
11:53:00 AM [AWT-EventQueue-0] [message] BufferHistory: Saving C:\Users\binhd\Documents\GitHub\cs515-801-s20-Doan-jEdit\build\settings\recent.xml
11:53:00 AM [AWT-EventQueue-0] [debug] MiscUtilities: Saving backup of file "C:\Users\binhd\Documents\GitHub\cs515-801-s20-Doan-jEdit\build\settings\recent.xml" to "C:\Users\binhd\Documents\GitHub\cs515-801-s20-Doan-jEdit\build\settings\settings-backup\recent.xml~1~"
11:53:00 AM [AWT-EventQueue-0] [message] KillRing: Saving C:\Users\binhd\Documents\GitHub\cs515-801-s20-Doan-jEdit\build\settings\killring.xml
11:53:00 AM [AWT-EventQueue-0] [debug] MiscUtilities: Saving backup of file "C:\Users\binhd\Documents\GitHub\cs515-801-s20-Doan-jEdit\build\settings\killring.xml" to "C:\Users\binhd\Documents\GitHub\cs515-801-s20-Doan-jEdit\build\settings\settings-backup\killring.xml~1~"
11:53:00 AM [AWT-EventQueue-0] [debug] MiscUtilities: Saving backup of file "C:\Users\binhd\Documents\GitHub\cs515-801-s20-Doan-jEdit\build\settings\properties" to "C:\Users\binhd\Documents\GitHub\cs515-801-s20-Doan-jEdit\build\settings\settings-backup\properties~1~"
